2018-01-15 17:08:35 WARN  HibernatePersistence:(58) - HHH015016: Encountered a deprecated javax.persistence.spi.PersistenceProvider [org.hibernate.ejb.HibernatePersistence]; use [org.hibernate.jpa.HibernatePersistenceProvider] instead.
2018-01-15 17:08:35 WARN  HibernatePersistence:(58) - HHH015016: Encountered a deprecated javax.persistence.spi.PersistenceProvider [org.hibernate.ejb.HibernatePersistence]; use [org.hibernate.jpa.HibernatePersistenceProvider] instead.
2018-01-15 17:08:36 INFO  LogHelper:(46) - HHH000204: Processing PersistenceUnitInfo [
	name: JPATest
	...]
2018-01-15 17:08:36 INFO  Version:(54) - HHH000412: Hibernate Core {4.3.11.Final}
2018-01-15 17:08:36 INFO  Environment:(239) - HHH000206: hibernate.properties not found
2018-01-15 17:08:36 INFO  Environment:(346) - HHH000021: Bytecode provider name : javassist
2018-01-15 17:08:37 INFO  Version:(66) - HCANN000001: Hibernate Commons Annotations {4.0.5.Final}
2018-01-15 17:08:37 WARN  DriverManagerConnectionProviderImpl:(93) - HHH000402: Using Hibernate built-in connection pool (not for production use!)
2018-01-15 17:08:37 INFO  DriverManagerConnectionProviderImpl:(166) - HHH000401: using driver [com.mysql.jdbc.Driver] at URL [jdbc:mysql://127.0.0.1:3306/test_data]
2018-01-15 17:08:37 INFO  DriverManagerConnectionProviderImpl:(175) - HHH000046: Connection properties: {user=root}
2018-01-15 17:08:37 INFO  DriverManagerConnectionProviderImpl:(180) - HHH000006: Autocommit mode: false
2018-01-15 17:08:37 INFO  DriverManagerConnectionProviderImpl:(102) - HHH000115: Hibernate connection pool size: 20 (min=1)
2018-01-15 17:08:37 INFO  Dialect:(145) - HHH000400: Using dialect: org.hibernate.dialect.MySQLDialect
2018-01-15 17:08:37 INFO  ASTQueryTranslatorFactory:(47) - HHH000397: Using ASTQueryTranslatorFactory
2018-01-15 17:08:38 INFO  SchemaUpdate:(207) - HHH000228: Running hbm2ddl schema update
2018-01-15 17:08:38 INFO  SchemaUpdate:(218) - HHH000102: Fetching database metadata
2018-01-15 17:08:38 INFO  SchemaUpdate:(230) - HHH000396: Updating schema
2018-01-15 17:08:38 INFO  TableMetadata:(65) - HHH000261: Table found: test_data.simpledata
2018-01-15 17:08:38 INFO  TableMetadata:(66) - HHH000037: Columns: [userdata, password, id]
2018-01-15 17:08:38 INFO  TableMetadata:(68) - HHH000108: Foreign keys: []
2018-01-15 17:08:38 INFO  TableMetadata:(69) - HHH000126: Indexes: [primary]
2018-01-15 17:08:38 INFO  SchemaUpdate:(267) - HHH000232: Schema update complete
2018-01-15 17:08:42 INFO  Test88:(59) - Browser closed
2018-01-15 17:08:46 INFO  Test55:(57) - Search string nedved198725@gmail.com into input field
2018-01-15 17:08:47 INFO  Test33:(41) - 'Find' button present!
2018-01-15 17:08:47 INFO  Test44:(38) - Found Main Links: 16
2018-01-15 17:08:48 INFO  Test33:(49) - 'Find' button doesn't present!
2018-01-15 17:08:50 INFO  Test33:(66) - Browser closed
2018-01-15 17:08:50 INFO  Test11:(56) - User was logged in successfully
2018-01-15 17:08:50 INFO  Test44:(45) - Colors of Main Links are 34, 87, 158
2018-01-15 17:08:52 INFO  Test44:(50) - Browser closed
2018-01-15 17:08:59 INFO  Test77:(67) - Hibernate DataBase Authentication passed successfully with Login- nedved198725 and Password- nedved1987
2018-01-15 17:09:02 INFO  Test55:(66) - Your message has been successfully sent
2018-01-15 17:09:02 INFO  Test11:(64) - User profile page is open
2018-01-15 17:09:09 INFO  Test11:(73) - User was successfully logged out
2018-01-15 17:09:13 INFO  Test77:(67) - Hibernate DataBase Authentication passed successfully with Login- nedved198725 and Password- nedved1987
2018-01-15 17:09:19 INFO  Test11:(99) - Array Authentication passed successfully with Login- nedved198725 and Password- nedved1987
2018-01-15 17:09:24 INFO  Test55:(73) - Browser closed
2018-01-15 17:09:25 INFO  Test77:(67) - Hibernate DataBase Authentication passed successfully with Login- nedved198725 and Password- nedved1987
2018-01-15 17:09:31 INFO  Test11:(99) - Array Authentication passed successfully with Login- nedved198725 and Password- nedved1987
2018-01-15 17:09:37 INFO  Test77:(67) - Hibernate DataBase Authentication passed successfully with Login- nedved198725 and Password- nedved1987
2018-01-15 17:09:38 INFO  Test66:(74) - Browser closed
2018-01-15 17:09:44 INFO  Test11:(99) - Array Authentication passed successfully with Login- nedved198725 and Password- nedved1987
2018-01-15 17:09:49 INFO  Test77:(67) - Hibernate DataBase Authentication passed successfully with Login- nedved198725 and Password- nedved1987
2018-01-15 17:09:49 INFO  DriverManagerConnectionProviderImpl:(281) - HHH000030: Cleaning up connection pool [jdbc:mysql://127.0.0.1:3306/test_data]
2018-01-15 17:09:50 INFO  Test77:(82) - Browser closed
2018-01-15 17:09:56 INFO  Test11:(99) - Array Authentication passed successfully with Login- nedved198725 and Password- nedved1987
2018-01-15 17:09:57 INFO  Test11:(109) - Browser closed
2018-01-15 17:11:19 INFO  Test22:(81) - File Authentication passed successfully with not correct Login- nedved198725 and Password not correct- nedved1986
2018-01-15 17:11:26 INFO  Test22:(81) - File Authentication passed successfully with not correct Login- nedved198726 and Password not correct- nedved1987
2018-01-15 17:11:26 INFO  Test22:(81) - File Authentication passed successfully with not correct Login- nedved198727 and Password not correct- nedved1988
2018-01-15 17:11:27 INFO  Test22:(81) - File Authentication passed successfully with not correct Login- nedved198728 and Password not correct- nedved1989
2018-01-15 17:11:27 INFO  Test22:(81) - File Authentication passed successfully with not correct Login- nedved198729 and Password not correct- nedved1990
2018-01-15 17:11:28 INFO  Test22:(81) - File Authentication passed successfully with not correct Login- nedved198730 and Password not correct- nedved1991
2018-01-15 17:11:29 INFO  Test22:(81) - File Authentication passed successfully with not correct Login- nedved198731 and Password not correct- nedved1992
2018-01-15 17:11:29 INFO  Test22:(81) - File Authentication passed successfully with not correct Login- nedved198732 and Password not correct- nedved1993
2018-01-15 17:11:30 INFO  Test22:(81) - File Authentication passed successfully with not correct Login- nedved198733 and Password not correct- nedved1994
2018-01-15 17:11:30 INFO  Test22:(81) - File Authentication passed successfully with not correct Login- nedved198734 and Password not correct- nedved1995
2018-01-15 17:11:30 INFO  Test22:(54) - Found Favourites Links: 6
2018-01-15 17:11:30 INFO  Test22:(65) - Color of new category links is rgba(34, 87, 158, 1)
2018-01-15 17:11:31 INFO  Test22:(70) - Menu contain such category: Rozetka
2018-01-15 17:11:31 INFO  Test22:(70) - Menu contain such category: modnaKasta
2018-01-15 17:11:31 INFO  Test22:(70) - Menu contain such category: Work.ua
2018-01-15 17:11:31 INFO  Test22:(70) - Menu contain such category: MakeUp
2018-01-15 17:11:31 INFO  Test22:(70) - Menu contain such category: Aliexpress
2018-01-15 17:11:31 INFO  Test22:(70) - Menu contain such category: LeBoutique
2018-01-15 17:11:33 INFO  Test22:(103) - Browser closed
2018-01-15 17:12:19 INFO  Test33:(41) - 'Find' button present!
2018-01-15 17:12:21 INFO  Test33:(49) - 'Find' button doesn't present!
2018-01-15 17:12:22 INFO  Test33:(66) - Browser closed
2018-01-15 17:25:06 INFO  Test88:(53) - Email email was sent successfully with data from table test_DAO
2018-01-15 17:25:08 INFO  Test88:(58) - Browser closed
